<?xml version="1.0" encoding="UTF-8"?>
<!-- Generated by org.testng.reporters.JUnitReportReporter -->
<testsuite hostname="DESKTOP-O1A9F16" failures="0" tests="8" name="SuiteTestSelenium" time="39.104" errors="0" timestamp="2021-07-12T10:47:25 CDT" skipped="0">
  <testcase classname="SuiteTestSelenium" name="aspirationPlusModalAppeared" time="4.902"/>
  <system-out/>
  <testcase classname="SuiteTestSelenium" name="verifyCardprices" time="4.548"/>
  <system-out/>
  <testcase classname="SuiteTestSelenium" name="aspirationPlusModalRadioOptions" time="4.974"/>
  <system-out/>
  <testcase classname="SuiteTestSelenium" name="aspirationModalEmailInputAppeared" time="4.656"/>
  <system-out/>
  <testcase classname="SuiteTestSelenium" name="aspirationModalAppeared" time="5.124"/>
  <system-out/>
  <testcase classname="SuiteTestSelenium" name="testLandingPage" time="5.907"/>
  <system-out/>
  <testcase classname="SuiteTestSelenium" name="verifyNumCards" time="4.457"/>
  <system-out/>
  <testcase classname="SuiteTestSelenium" name="verifyCardNames" time="4.536"/>
  <system-out/>
</testsuite> <!-- SuiteTestSelenium -->
