<?xml version="1.0" encoding="UTF-8"?>
<!-- Generated by org.testng.reporters.JUnitReportReporter -->
<testsuite hostname="DESKTOP-O1A9F16" failures="0" tests="4" name="SuiteTestRestAssured" time="22.015" errors="0" timestamp="2021-07-12T10:51:00 CDT" skipped="0">
  <testcase classname="SuiteTestRestAssured" name="peopleEsndPointCodeStatusResponse" time="2.005"/>
  <system-out/>
  <testcase classname="SuiteTestRestAssured" name="peopleHeightGreaterThan200" time="7.202"/>
  <system-out/>
  <testcase classname="SuiteTestRestAssured" name="totalNumberOfPeople" time="6.357"/>
  <system-out/>
  <testcase classname="SuiteTestRestAssured" name="peoplesNameWithHeightGreaterThan200" time="6.451"/>
  <system-out/>
</testsuite> <!-- SuiteTestRestAssured -->
